<?xml version="1.0" encoding="UTF-8"?>
<!-- Generated by org.testng.reporters.JUnitReportReporter -->
<testsuite skipped="0" hostname="DESKTOP-E93L96M" name="facebook.com.facebook.Facebook" tests="1" failures="0" timestamp="26 Jun 2018 14:42:01 GMT" time="19.521" errors="0">
  <testcase name="launchng" time="19.521" classname="facebook.com.facebook.Facebook"/>
</testsuite> <!-- facebook.com.facebook.Facebook -->
